cogroup X
4310 | { "_id" : { "$oid" : "5870947d6dd3d30a92ad3414"} , "partkey" : 4310 , "name" : "coral cream violet mint brown" , "mfgr" : "Manufacturer#4" , "brand" : "Brand#42" , "type" : "ECONOMY PLATED NICKEL" , "size" : 42 , "container" : "LG BAG" , "retailprice" : 1214.31 , "comment" : "iously bold acc"}
============== Stream num [1] =================
    [T_1] cogroup-cache-count: 449 ms
Some(org.apache.spark.HashPartitioner@8)
    [T_2] create missKey (subt): 78 ms
    >> joined Hit count: 5160
    [T_3] join-hit data: 483 ms
    [T_4] create query + get data + create new RDD: 219 ms
    >> joined_miss count: 2840
    [T_6] join - miss data: 372 ms
    [T_5] create cachedPRDD: 667 ms
    >> output data: 8000
    [T_7] union output data: 59 ms
    [T_8] unpersist(join-hit/miss, input or cogroup): 14 ms
    [T_9] stream: 1681 ms
    >> streaming data all: 8000
    [time] total: 1681 ms
    >> throughput: 4759
============== Stream num [2] =================
    [T_1] cogroup-cache-count: 254 ms
Some(org.apache.spark.HashPartitioner@8)
    [T_2] create missKey (subt): 35 ms
    >> joined Hit count: 5106
    [T_3] join-hit data: 246 ms
    [T_4] create query + get data + create new RDD: 270 ms
    >> joined_miss count: 2894
    [T_6] join - miss data: 233 ms
    [T_5] create cachedPRDD: 268 ms
    >> output data: 8000
    [T_7] union output data: 28 ms
    [T_8] unpersist(join-hit/miss, input or cogroup): 8 ms
    [T_9] stream: 939 ms
    >> streaming data all: 16000
    [time] total: 2620 ms
    >> throughput: 6106
============== Stream num [3] =================
    [T_1] cogroup-cache-count: 270 ms
Some(org.apache.spark.HashPartitioner@8)
    [T_2] create missKey (subt): 43 ms
    >> joined Hit count: 5056
    [T_3] join-hit data: 262 ms
    [T_4] create query + get data + create new RDD: 165 ms
    [T_5] create cachedPRDD: 294 ms
    >> joined_miss count: 2944
    [T_6] join - miss data: 305 ms
    >> output data: 8000
    [T_7] union output data: 43 ms
    [T_8] unpersist(join-hit/miss, input or cogroup): 11 ms
    [T_9] stream: 923 ms
    >> streaming data all: 24000
    [time] total: 3543 ms
    >> throughput: 6773
============== Stream num [4] =================
    [T_1] cogroup-cache-count: 231 ms
Some(org.apache.spark.HashPartitioner@8)
    [T_2] create missKey (subt): 23 ms
    >> joined Hit count: 5161
    [T_3] join-hit data: 219 ms
    [T_4] create query + get data + create new RDD: 187 ms
    [T_5] create cachedPRDD: 314 ms
    >> joined_miss count: 2839
    [T_6] join - miss data: 326 ms
    >> output data: 8000
    [T_7] union output data: 48 ms
    [T_8] unpersist(join-hit/miss, input or cogroup): 9 ms
    [T_9] stream: 866 ms
    >> streaming data all: 32000
    [time] total: 4409 ms
    >> throughput: 7257
============== Stream num [5] =================
    [T_1] cogroup-cache-count: 248 ms
Some(org.apache.spark.HashPartitioner@8)
    [T_2] create missKey (subt): 36 ms
    >> joined Hit count: 4821
    [T_3] join-hit data: 217 ms
    [T_4] create query + get data + create new RDD: 157 ms
    >> joined_miss count: 2675
    [T_6] join - miss data: 227 ms
    [T_5] create cachedPRDD: 269 ms
    >> output data: 7496
    [T_7] union output data: 29 ms
    [T_8] unpersist(join-hit/miss, input or cogroup): 5 ms
    [T_9] stream: 808 ms
    >> streaming data all: 39496
    [time] total: 5217 ms
    >> throughput: 7570
============== Stream num [6] =================
    [T_1] cogroup-cache-count: 213 ms
Some(org.apache.spark.HashPartitioner@8)
    [T_2] create missKey (subt): 41 ms
    [T_4] create query + get data + create new RDD: 112 ms
    >> joined Hit count: 4185
    [T_3] join-hit data: 204 ms
    >> joined_miss count: 2319
    [T_5] create cachedPRDD: 198 ms
    [T_6] join - miss data: 199 ms
    >> output data: 6504
    [T_7] union output data: 39 ms
    [T_8] unpersist(join-hit/miss, input or cogroup): 10 ms
    [T_9] stream: 661 ms
    >> streaming data all: 46000
    [time] total: 5878 ms
    >> throughput: 7825
============== Stream num [7] =================
    [T_1] cogroup-cache-count: 195 ms
Some(org.apache.spark.HashPartitioner@8)
    [T_2] create missKey (subt): 52 ms
    >> joined Hit count: 3954
    [T_3] join-hit data: 184 ms
    [T_4] create query + get data + create new RDD: 138 ms
    >> joined_miss count: 2046
    [T_5] create cachedPRDD: 271 ms
    [T_6] join - miss data: 277 ms
    >> output data: 6000
    [T_7] union output data: 39 ms
    [T_8] unpersist(join-hit/miss, input or cogroup): 11 ms
    [T_9] stream: 758 ms
    >> streaming data all: 52000
    [time] total: 6636 ms
    >> throughput: 7836
============== Stream num [8] =================
    [T_1] cogroup-cache-count: 181 ms
Some(org.apache.spark.HashPartitioner@8)
    [T_2] create missKey (subt): 32 ms
    [T_4] create query + get data + create new RDD: 73 ms
    >> joined Hit count: 2625
    [T_3] join-hit data: 145 ms
    >> joined_miss count: 1375
    [T_6] join - miss data: 210 ms
    [T_5] create cachedPRDD: 235 ms
    >> output data: 4000
    [T_7] union output data: 41 ms
    [T_8] unpersist(join-hit/miss, input or cogroup): 10 ms
    [T_9] stream: 611 ms
    >> streaming data all: 56000
    [time] total: 7247 ms
    >> throughput: 7727
============== Stream num [9] =================
    [T_1] cogroup-cache-count: 141 ms
Some(org.apache.spark.HashPartitioner@8)
    [T_2] create missKey (subt): 24 ms
    >> joined Hit count: 5209
    [T_3] join-hit data: 106 ms
    [T_4] create query + get data + create new RDD: 251 ms
    >> joined_miss count: 2791
    [T_6] join - miss data: 167 ms
    [T_5] create cachedPRDD: 195 ms
    >> output data: 8000
    [T_7] union output data: 42 ms
    [T_8] unpersist(join-hit/miss, input or cogroup): 9 ms
    [T_9] stream: 698 ms
    >> streaming data all: 64000
    [time] total: 7945 ms
    >> throughput: 8055
============== Stream num [10] =================
    [T_1] cogroup-cache-count: 160 ms
Some(org.apache.spark.HashPartitioner@8)
    [T_2] create missKey (subt): 29 ms
    >> joined Hit count: 5195
    [T_3] join-hit data: 133 ms
    [T_4] create query + get data + create new RDD: 140 ms
    >> joined_miss count: 2805
    [T_5] create cachedPRDD: 210 ms
    [T_6] join - miss data: 213 ms
    >> output data: 8000
    [T_7] union output data: 33 ms
    [T_8] unpersist(join-hit/miss, input or cogroup): 10 ms
    [T_9] stream: 620 ms
    >> streaming data all: 72000
    [time] total: 8565 ms
    >> throughput: 8406
============== Stream num [11] =================
    [T_1] cogroup-cache-count: 212 ms
Some(org.apache.spark.HashPartitioner@8)
    [T_2] create missKey (subt): 34 ms
    >> joined Hit count: 5227
    [T_3] join-hit data: 175 ms
    [T_4] create query + get data + create new RDD: 229 ms
    >> joined_miss count: 2773
    [T_6] join - miss data: 195 ms
    [T_5] create cachedPRDD: 246 ms
    >> output data: 8000
    [T_7] union output data: 33 ms
    [T_8] unpersist(join-hit/miss, input or cogroup): 8 ms
    [T_9] stream: 828 ms
    >> streaming data all: 80000
    [time] total: 9393 ms
    >> throughput: 8516
============== Stream num [12] =================
    [T_1] cogroup-cache-count: 135 ms
Some(org.apache.spark.HashPartitioner@8)
    [T_2] create missKey (subt): 36 ms
    >> joined Hit count: 5290
    [T_3] join-hit data: 96 ms
    [T_4] create query + get data + create new RDD: 134 ms
    [T_5] create cachedPRDD: 219 ms
    >> joined_miss count: 2710
    [T_6] join - miss data: 226 ms
    >> output data: 8000
    [T_7] union output data: 33 ms
    [T_8] unpersist(join-hit/miss, input or cogroup): 8 ms
    [T_9] stream: 608 ms
    >> streaming data all: 88000
    [time] total: 10001 ms
    >> throughput: 8799
============== Stream num [13] =================
    [T_1] cogroup-cache-count: 153 ms
Some(org.apache.spark.HashPartitioner@8)
    [T_2] create missKey (subt): 28 ms
    >> joined Hit count: 5307
    [T_3] join-hit data: 192 ms
    [T_4] create query + get data + create new RDD: 211 ms
    >> joined_miss count: 2693
    [T_5] create cachedPRDD: 230 ms
    [T_6] join - miss data: 231 ms
    >> output data: 8000
    [T_7] union output data: 32 ms
    [T_8] unpersist(join-hit/miss, input or cogroup): 8 ms
    [T_9] stream: 719 ms
    >> streaming data all: 96000
    [time] total: 10720 ms
    >> throughput: 8955
============== Stream num [14] =================
    [T_1] cogroup-cache-count: 176 ms
Some(org.apache.spark.HashPartitioner@8)
    [T_2] create missKey (subt): 25 ms
    >> joined Hit count: 5298
    [T_3] join-hit data: 131 ms
    [T_4] create query + get data + create new RDD: 167 ms
    [T_5] create cachedPRDD: 154 ms
    >> joined_miss count: 2702
    [T_6] join - miss data: 170 ms
    >> output data: 8000
    [T_7] union output data: 33 ms
    [T_8] unpersist(join-hit/miss, input or cogroup): 8 ms
    [T_9] stream: 629 ms
    >> streaming data all: 104000
    [time] total: 11349 ms
    >> throughput: 9163
============== Stream num [15] =================
    [T_1] cogroup-cache-count: 124 ms
Some(org.apache.spark.HashPartitioner@8)
    [T_2] create missKey (subt): 31 ms
    >> joined Hit count: 5314
    [T_3] join-hit data: 128 ms
    [T_4] create query + get data + create new RDD: 139 ms
    >> joined_miss count: 2686
    [T_5] create cachedPRDD: 157 ms
    [T_6] join - miss data: 159 ms
    >> output data: 8000
    [T_7] union output data: 29 ms
    [T_8] unpersist(join-hit/miss, input or cogroup): 8 ms
    [T_9] stream: 523 ms
    >> streaming data all: 112000
    [time] total: 11872 ms
    >> throughput: 9433
============== Stream num [16] =================
    [T_1] cogroup-cache-count: 113 ms
Some(org.apache.spark.HashPartitioner@8)
    [T_2] create missKey (subt): 27 ms
    >> joined Hit count: 5334
    [T_3] join-hit data: 146 ms
    [T_4] create query + get data + create new RDD: 225 ms
    [T_5] create cachedPRDD: 212 ms
    >> joined_miss count: 2666
    [T_6] join - miss data: 214 ms
    >> output data: 8000
    [T_7] union output data: 30 ms
    [T_8] unpersist(join-hit/miss, input or cogroup): 8 ms
    [T_9] stream: 644 ms
    >> streaming data all: 120000
    [time] total: 12516 ms
    >> throughput: 9587
============== Stream num [17] =================
    [T_1] cogroup-cache-count: 142 ms
Some(org.apache.spark.HashPartitioner@8)
    [T_2] create missKey (subt): 19 ms
    >> joined Hit count: 5357
    [T_3] join-hit data: 90 ms
    [T_4] create query + get data + create new RDD: 208 ms
    >> joined_miss count: 2643
    [T_6] join - miss data: 195 ms
    [T_5] create cachedPRDD: 226 ms
    >> output data: 8000
    [T_7] union output data: 19 ms
    [T_8] unpersist(join-hit/miss, input or cogroup): 3 ms
    [T_9] stream: 649 ms
    >> streaming data all: 128000
    [time] total: 13165 ms
    >> throughput: 9722
============== Stream num [18] =================
    [T_1] cogroup-cache-count: 169 ms
Some(org.apache.spark.HashPartitioner@8)
    [T_2] create missKey (subt): 20 ms
    >> joined Hit count: 5323
    [T_3] join-hit data: 105 ms
    [T_4] create query + get data + create new RDD: 215 ms
    >> joined_miss count: 2677
    [T_6] join - miss data: 170 ms
    [T_5] create cachedPRDD: 262 ms
    >> output data: 8000
    [T_7] union output data: 30 ms
    [T_8] unpersist(join-hit/miss, input or cogroup): 9 ms
    [T_9] stream: 744 ms
    >> streaming data all: 136000
    [time] total: 13909 ms
    >> throughput: 9777
============== Stream num [19] =================
    [T_1] cogroup-cache-count: 142 ms
Some(org.apache.spark.HashPartitioner@8)
    [T_2] create missKey (subt): 25 ms
    >> joined Hit count: 5385
    [T_3] join-hit data: 143 ms
    [T_4] create query + get data + create new RDD: 193 ms
    [T_5] create cachedPRDD: 172 ms
    >> joined_miss count: 2615
    [T_6] join - miss data: 182 ms
    >> output data: 8000
    [T_7] union output data: 32 ms
    [T_8] unpersist(join-hit/miss, input or cogroup): 7 ms
    [T_9] stream: 620 ms
    >> streaming data all: 144000
    [time] total: 14529 ms
    >> throughput: 9911
============== Stream num [20] =================
    [T_1] cogroup-cache-count: 135 ms
Some(org.apache.spark.HashPartitioner@8)
    [T_2] create missKey (subt): 32 ms
    >> joined Hit count: 5352
    [T_3] join-hit data: 147 ms
    [T_4] create query + get data + create new RDD: 212 ms
    >> joined_miss count: 2648
    [T_6] join - miss data: 150 ms
    [T_5] create cachedPRDD: 226 ms
    >> output data: 8000
    [T_7] union output data: 40 ms
    [T_8] unpersist(join-hit/miss, input or cogroup): 11 ms
    [T_9] stream: 694 ms
    >> streaming data all: 152000
    [time] total: 15223 ms
    >> throughput: 9984
============== Stream num [21] =================
    [T_1] cogroup-cache-count: 138 ms
Some(org.apache.spark.HashPartitioner@8)
    [T_2] create missKey (subt): 18 ms
    >> joined Hit count: 5396
    [T_3] join-hit data: 101 ms
    [T_4] create query + get data + create new RDD: 211 ms
    >> joined_miss count: 2604
    [T_6] join - miss data: 131 ms
    [T_5] create cachedPRDD: 175 ms
    >> output data: 8000
    [T_7] union output data: 28 ms
    [T_8] unpersist(join-hit/miss, input or cogroup): 7 ms
    [T_9] stream: 605 ms
    >> streaming data all: 160000
    [time] total: 15828 ms
    >> throughput: 10108
============== Stream num [22] =================
    [T_1] cogroup-cache-count: 166 ms
Some(org.apache.spark.HashPartitioner@8)
    [T_2] create missKey (subt): 34 ms
    >> joined Hit count: 5362
    [T_3] join-hit data: 148 ms
    [T_4] create query + get data + create new RDD: 210 ms
    >> joined_miss count: 2638
    [T_6] join - miss data: 146 ms
    [T_5] create cachedPRDD: 195 ms
    >> output data: 8000
    [T_7] union output data: 18 ms
    [T_8] unpersist(join-hit/miss, input or cogroup): 4 ms
    [T_9] stream: 667 ms
    >> streaming data all: 168000
    [time] total: 16495 ms
    >> throughput: 10184
============== Stream num [23] =================
    [T_1] cogroup-cache-count: 143 ms
Some(org.apache.spark.HashPartitioner@8)
    [T_2] create missKey (subt): 31 ms
    >> joined Hit count: 5378
    [T_3] join-hit data: 141 ms
    [T_4] create query + get data + create new RDD: 203 ms
    >> joined_miss count: 2622
    [T_6] join - miss data: 166 ms
    [T_5] create cachedPRDD: 178 ms
    >> output data: 8000
    [T_7] union output data: 29 ms
    [T_8] unpersist(join-hit/miss, input or cogroup): 7 ms
    [T_9] stream: 636 ms
    >> streaming data all: 176000
    [time] total: 17131 ms
    >> throughput: 10273
============== Stream num [24] =================
    [T_1] cogroup-cache-count: 100 ms
Some(org.apache.spark.HashPartitioner@8)
    [T_2] create missKey (subt): 21 ms
    >> joined Hit count: 5408
    [T_3] join-hit data: 127 ms
    [T_4] create query + get data + create new RDD: 130 ms
    >> joined_miss count: 2592
    [T_6] join - miss data: 139 ms
    [T_5] create cachedPRDD: 185 ms
    >> output data: 8000
    [T_7] union output data: 21 ms
    [T_8] unpersist(join-hit/miss, input or cogroup): 7 ms
    [T_9] stream: 512 ms
    >> streaming data all: 184000
    [time] total: 17643 ms
    >> throughput: 10429
============== Stream num [25] =================
    [T_1] cogroup-cache-count: 95 ms
Some(org.apache.spark.HashPartitioner@8)
    [T_2] create missKey (subt): 25 ms
    >> joined Hit count: 5407
    [T_3] join-hit data: 117 ms
    [T_4] create query + get data + create new RDD: 201 ms
    >> joined_miss count: 2593
    [T_6] join - miss data: 206 ms
    [T_5] create cachedPRDD: 216 ms
    >> output data: 8000
    [T_7] union output data: 20 ms
    [T_8] unpersist(join-hit/miss, input or cogroup): 4 ms
    [T_9] stream: 593 ms
    >> streaming data all: 192000
    [time] total: 18236 ms
    >> throughput: 10528
============== Stream num [26] =================
    [T_1] cogroup-cache-count: 95 ms
Some(org.apache.spark.HashPartitioner@8)
    [T_2] create missKey (subt): 29 ms
    >> joined Hit count: 5372
    [T_3] join-hit data: 146 ms
    [T_4] create query + get data + create new RDD: 213 ms
    >> joined_miss count: 2628
    [T_6] join - miss data: 226 ms
    [T_5] create cachedPRDD: 235 ms
    >> output data: 8000
    [T_7] union output data: 30 ms
    [T_8] unpersist(join-hit/miss, input or cogroup): 8 ms
    [T_9] stream: 648 ms
    >> streaming data all: 200000
    [time] total: 18884 ms
    >> throughput: 10590
============== Stream num [27] =================
    [T_1] cogroup-cache-count: 136 ms
Some(org.apache.spark.HashPartitioner@8)
    [T_2] create missKey (subt): 20 ms
    >> joined Hit count: 5410
    [T_3] join-hit data: 143 ms
    [T_4] create query + get data + create new RDD: 207 ms
    >> joined_miss count: 2590
    [T_6] join - miss data: 186 ms
    [T_5] create cachedPRDD: 238 ms
    >> output data: 8000
    [T_7] union output data: 30 ms
    [T_8] unpersist(join-hit/miss, input or cogroup): 7 ms
    [T_9] stream: 674 ms
    >> streaming data all: 208000
    [time] total: 19558 ms
    >> throughput: 10635
============== Stream num [28] =================
    [T_1] cogroup-cache-count: 128 ms
Some(org.apache.spark.HashPartitioner@8)
    [T_2] create missKey (subt): 19 ms
    >> joined Hit count: 5350
    [T_3] join-hit data: 106 ms
    [T_4] create query + get data + create new RDD: 211 ms
    >> joined_miss count: 2650
    [T_6] join - miss data: 128 ms
    [T_5] create cachedPRDD: 167 ms
    >> output data: 8000
    [T_7] union output data: 24 ms
    [T_8] unpersist(join-hit/miss, input or cogroup): 5 ms
    [T_9] stream: 582 ms
    >> streaming data all: 216000
    [time] total: 20140 ms
    >> throughput: 10724
============== Stream num [29] =================
    [T_1] cogroup-cache-count: 137 ms
Some(org.apache.spark.HashPartitioner@8)
    [T_2] create missKey (subt): 18 ms
    >> joined Hit count: 5316
    [T_3] join-hit data: 89 ms
    [T_4] create query + get data + create new RDD: 129 ms
    >> joined_miss count: 2684
    [T_6] join - miss data: 214 ms
    [T_5] create cachedPRDD: 263 ms
    >> output data: 8000
    [T_7] union output data: 30 ms
    [T_8] unpersist(join-hit/miss, input or cogroup): 7 ms
    [T_9] stream: 613 ms
    >> streaming data all: 224000
    [time] total: 20753 ms
    >> throughput: 10793
============== Stream num [30] =================
    [T_1] cogroup-cache-count: 141 ms
Some(org.apache.spark.HashPartitioner@8)
    [T_2] create missKey (subt): 22 ms
    >> joined Hit count: 5490
    [T_3] join-hit data: 98 ms
    [T_4] create query + get data + create new RDD: 191 ms
    >> joined_miss count: 2510
    [T_6] join - miss data: 165 ms
    [T_5] create cachedPRDD: 168 ms
    >> output data: 8000
    [T_7] union output data: 20 ms
    [T_8] unpersist(join-hit/miss, input or cogroup): 3 ms
    [T_9] stream: 572 ms
    >> streaming data all: 232000
    [time] total: 21325 ms
    >> throughput: 10879
============== Stream num [31] =================
    [T_1] cogroup-cache-count: 141 ms
Some(org.apache.spark.HashPartitioner@8)
    [T_2] create missKey (subt): 19 ms
    >> joined Hit count: 5484
    [T_3] join-hit data: 140 ms
    [T_4] create query + get data + create new RDD: 186 ms
    >> joined_miss count: 2516
    [T_6] join - miss data: 157 ms
    [T_5] create cachedPRDD: 204 ms
    >> output data: 8000
    [T_7] union output data: 18 ms
    [T_8] unpersist(join-hit/miss, input or cogroup): 13 ms
    [T_9] stream: 608 ms
    >> streaming data all: 240000
    [time] total: 21933 ms
    >> throughput: 10942
============== Stream num [32] =================
    [T_1] cogroup-cache-count: 117 ms
Some(org.apache.spark.HashPartitioner@8)
    [T_2] create missKey (subt): 32 ms
    >> joined Hit count: 5497
    [T_3] join-hit data: 121 ms
    [T_4] create query + get data + create new RDD: 192 ms
    >> joined_miss count: 2503
    [T_6] join - miss data: 138 ms
    [T_5] create cachedPRDD: 183 ms
    >> output data: 8000
    [T_7] union output data: 19 ms
    [T_8] unpersist(join-hit/miss, input or cogroup): 4 ms
    [T_9] stream: 574 ms
    >> streaming data all: 248000
    [time] total: 22507 ms
    >> throughput: 11018
============== Stream num [33] =================
    [T_1] cogroup-cache-count: 108 ms
Some(org.apache.spark.HashPartitioner@8)
    [T_2] create missKey (subt): 35 ms
    >> joined Hit count: 5479
    [T_3] join-hit data: 161 ms
    [T_4] create query + get data + create new RDD: 189 ms
    >> joined_miss count: 2521
    [T_6] join - miss data: 127 ms
    [T_5] create cachedPRDD: 171 ms
    >> output data: 8000
    [T_7] union output data: 22 ms
    [T_8] unpersist(join-hit/miss, input or cogroup): 6 ms
    [T_9] stream: 576 ms
    >> streaming data all: 256000
    [time] total: 23083 ms
    >> throughput: 11090
============== Stream num [34] =================
    [T_1] cogroup-cache-count: 103 ms
Some(org.apache.spark.HashPartitioner@8)
    [T_2] create missKey (subt): 21 ms
    >> joined Hit count: 5485
    [T_3] join-hit data: 151 ms
    [T_4] create query + get data + create new RDD: 188 ms
    >> joined_miss count: 2515
    [T_6] join - miss data: 185 ms
    [T_5] create cachedPRDD: 280 ms
    >> output data: 8000
    [T_7] union output data: 36 ms
    [T_8] unpersist(join-hit/miss, input or cogroup): 7 ms
    [T_9] stream: 674 ms
    >> streaming data all: 264000
    [time] total: 23757 ms
    >> throughput: 11112
============== Stream num [35] =================
    [T_1] cogroup-cache-count: 153 ms
Some(org.apache.spark.HashPartitioner@8)
    [T_2] create missKey (subt): 30 ms
    >> joined Hit count: 5511
    [T_3] join-hit data: 143 ms
    [T_4] create query + get data + create new RDD: 155 ms
    >> joined_miss count: 2489
    [T_6] join - miss data: 145 ms
    [T_5] create cachedPRDD: 174 ms
    >> output data: 8000
    [T_7] union output data: 18 ms
    [T_8] unpersist(join-hit/miss, input or cogroup): 4 ms
    [T_9] stream: 566 ms
    >> streaming data all: 272000
    [time] total: 24323 ms
    >> throughput: 11182
============== Stream num [36] =================
    [T_1] cogroup-cache-count: 108 ms
Some(org.apache.spark.HashPartitioner@8)
    [T_2] create missKey (subt): 35 ms
    >> joined Hit count: 5538
    [T_3] join-hit data: 151 ms
    [T_4] create query + get data + create new RDD: 184 ms
    >> joined_miss count: 2462
    [T_6] join - miss data: 117 ms
    [T_5] create cachedPRDD: 157 ms
    >> output data: 8000
    [T_7] union output data: 19 ms
    [T_8] unpersist(join-hit/miss, input or cogroup): 3 ms
    [T_9] stream: 542 ms
    >> streaming data all: 280000
    [time] total: 24865 ms
    >> throughput: 11260
============== Stream num [37] =================
    [T_1] cogroup-cache-count: 98 ms
Some(org.apache.spark.HashPartitioner@8)
    [T_2] create missKey (subt): 30 ms
    >> joined Hit count: 5532
    [T_3] join-hit data: 128 ms
    [T_4] create query + get data + create new RDD: 189 ms
    >> joined_miss count: 2468
    [T_6] join - miss data: 239 ms
    [T_5] create cachedPRDD: 250 ms
    >> output data: 8000
    [T_7] union output data: 34 ms
    [T_8] unpersist(join-hit/miss, input or cogroup): 7 ms
    [T_9] stream: 641 ms
    >> streaming data all: 288000
    [time] total: 25506 ms
    >> throughput: 11291
============== Stream num [38] =================
    [T_1] cogroup-cache-count: 151 ms
Some(org.apache.spark.HashPartitioner@8)
    [T_2] create missKey (subt): 27 ms
    >> joined Hit count: 5550
    [T_3] join-hit data: 120 ms
    [T_4] create query + get data + create new RDD: 185 ms
    >> joined_miss count: 2450
    [T_6] join - miss data: 159 ms
    [T_5] create cachedPRDD: 171 ms
    >> output data: 8000
    [T_7] union output data: 30 ms
    [T_8] unpersist(join-hit/miss, input or cogroup): 7 ms
    [T_9] stream: 597 ms
    >> streaming data all: 296000
    [time] total: 26103 ms
    >> throughput: 11339
============== Stream num [39] =================
    [T_1] cogroup-cache-count: 131 ms
Some(org.apache.spark.HashPartitioner@8)
    [T_2] create missKey (subt): 27 ms
    >> joined Hit count: 4120
    [T_3] join-hit data: 129 ms
    [T_4] create query + get data + create new RDD: 91 ms
    >> joined_miss count: 1880
    [T_6] join - miss data: 134 ms
    [T_5] create cachedPRDD: 209 ms
    >> output data: 6000
    [T_7] union output data: 29 ms
    [T_8] unpersist(join-hit/miss, input or cogroup): 6 ms
    [T_9] stream: 523 ms
    >> streaming data all: 302000
    [time] total: 26626 ms
    >> throughput: 11342
============== Stream num [40] =================
    [T_1] cogroup-cache-count: 106 ms
Some(org.apache.spark.HashPartitioner@8)
    [T_2] create missKey (subt): 20 ms
    [T_4] create query + get data + create new RDD: 35 ms
    >> joined Hit count: 1412
    [T_3] join-hit data: 107 ms
    >> joined_miss count: 588
    [T_6] join - miss data: 103 ms
    [T_5] create cachedPRDD: 174 ms
    >> output data: 2000
    [T_7] union output data: 30 ms
    [T_8] unpersist(join-hit/miss, input or cogroup): 6 ms
    [T_9] stream: 390 ms
    >> streaming data all: 304000
    [time] total: 27016 ms
    >> throughput: 11252
============== Stream num [41] =================
    [T_1] cogroup-cache-count: 152 ms
Some(org.apache.spark.HashPartitioner@8)
    [T_2] create missKey (subt): 22 ms
    >> joined Hit count: 5532
    [T_3] join-hit data: 102 ms
    [T_4] create query + get data + create new RDD: 186 ms
    >> joined_miss count: 2468
    [T_5] create cachedPRDD: 142 ms
    [T_6] join - miss data: 144 ms
    >> output data: 8000
    [T_7] union output data: 20 ms
    [T_8] unpersist(join-hit/miss, input or cogroup): 4 ms
    [T_9] stream: 554 ms
    >> streaming data all: 312000
    [time] total: 27570 ms
    >> throughput: 11316
============== Stream num [42] =================
    [T_1] cogroup-cache-count: 119 ms
Some(org.apache.spark.HashPartitioner@8)
    [T_2] create missKey (subt): 19 ms
    >> joined Hit count: 5596
    [T_3] join-hit data: 137 ms
    [T_4] create query + get data + create new RDD: 176 ms
    >> joined_miss count: 2404
    [T_6] join - miss data: 156 ms
    [T_5] create cachedPRDD: 211 ms
    >> output data: 8000
    [T_7] union output data: 25 ms
    [T_8] unpersist(join-hit/miss, input or cogroup): 8 ms
    [T_9] stream: 595 ms
    >> streaming data all: 320000
    [time] total: 28165 ms
    >> throughput: 11361
============== Stream num [43] =================
    [T_1] cogroup-cache-count: 131 ms
Some(org.apache.spark.HashPartitioner@8)
    [T_2] create missKey (subt): 25 ms
    >> joined Hit count: 5539
    [T_3] join-hit data: 157 ms
    [T_4] create query + get data + create new RDD: 182 ms
    >> joined_miss count: 2461
    [T_6] join - miss data: 173 ms
    [T_5] create cachedPRDD: 230 ms
    >> output data: 8000
    [T_7] union output data: 31 ms
    [T_8] unpersist(join-hit/miss, input or cogroup): 8 ms
    [T_9] stream: 637 ms
    >> streaming data all: 328000
    [time] total: 28802 ms
    >> throughput: 11388
============== Stream num [44] =================
    [T_1] cogroup-cache-count: 128 ms
Some(org.apache.spark.HashPartitioner@8)
    [T_2] create missKey (subt): 33 ms
    >> joined Hit count: 5592
    [T_3] join-hit data: 137 ms
    [T_4] create query + get data + create new RDD: 162 ms
    >> joined_miss count: 2408
    [T_6] join - miss data: 190 ms
    [T_5] create cachedPRDD: 243 ms
    >> output data: 8000
    [T_7] union output data: 23 ms
    [T_8] unpersist(join-hit/miss, input or cogroup): 5 ms
    [T_9] stream: 629 ms
    >> streaming data all: 336000
    [time] total: 29431 ms
    >> throughput: 11416
============== Stream num [45] =================
    [T_1] cogroup-cache-count: 109 ms
Some(org.apache.spark.HashPartitioner@8)
    [T_2] create missKey (subt): 20 ms
    >> joined Hit count: 5518
    [T_3] join-hit data: 137 ms
    [T_4] create query + get data + create new RDD: 184 ms
    >> joined_miss count: 2482
    [T_6] join - miss data: 174 ms
    [T_5] create cachedPRDD: 219 ms
    >> output data: 8000
    [T_7] union output data: 19 ms
    [T_8] unpersist(join-hit/miss, input or cogroup): 3 ms
    [T_9] stream: 579 ms
    >> streaming data all: 344000
    [time] total: 30010 ms
    >> throughput: 11462
============== Stream num [46] =================
    [T_1] cogroup-cache-count: 125 ms
Some(org.apache.spark.HashPartitioner@8)
    [T_2] create missKey (subt): 31 ms
    >> joined Hit count: 5610
    [T_3] join-hit data: 90 ms
    [T_4] create query + get data + create new RDD: 160 ms
    >> joined_miss count: 2390
    [T_6] join - miss data: 141 ms
    [T_5] create cachedPRDD: 182 ms
    >> output data: 8000
    [T_7] union output data: 24 ms
    [T_8] unpersist(join-hit/miss, input or cogroup): 5 ms
    [T_9] stream: 549 ms
    >> streaming data all: 352000
    [time] total: 30559 ms
    >> throughput: 11518
============== Stream num [47] =================
    [T_1] cogroup-cache-count: 186 ms
Some(org.apache.spark.HashPartitioner@8)
    [T_2] create missKey (subt): 47 ms
    >> joined Hit count: 5539
    [T_3] join-hit data: 149 ms
    [T_4] create query + get data + create new RDD: 179 ms
    >> joined_miss count: 2461
    [T_6] join - miss data: 183 ms
    [T_5] create cachedPRDD: 240 ms
    >> output data: 8000
    [T_7] union output data: 26 ms
    [T_8] unpersist(join-hit/miss, input or cogroup): 6 ms
    [T_9] stream: 723 ms
    >> streaming data all: 360000
    [time] total: 31282 ms
    >> throughput: 11508
============== Stream num [48] =================
    [T_1] cogroup-cache-count: 126 ms
Some(org.apache.spark.HashPartitioner@8)
    [T_2] create missKey (subt): 23 ms
    >> joined Hit count: 5553
    [T_3] join-hit data: 102 ms
    [T_4] create query + get data + create new RDD: 99 ms
    >> joined_miss count: 2447
    [T_6] join - miss data: 108 ms
    [T_5] create cachedPRDD: 149 ms
    >> output data: 8000
    [T_7] union output data: 34 ms
    [T_8] unpersist(join-hit/miss, input or cogroup): 6 ms
    [T_9] stream: 465 ms
    >> streaming data all: 368000
    [time] total: 31747 ms
    >> throughput: 11591
============== Stream num [49] =================
    [T_1] cogroup-cache-count: 113 ms
Some(org.apache.spark.HashPartitioner@8)
    [T_2] create missKey (subt): 30 ms
    >> joined Hit count: 5596
    [T_3] join-hit data: 133 ms
    [T_4] create query + get data + create new RDD: 104 ms
    >> joined_miss count: 2404
    [T_6] join - miss data: 120 ms
    [T_5] create cachedPRDD: 162 ms
    >> output data: 8000
    [T_7] union output data: 27 ms
    [T_8] unpersist(join-hit/miss, input or cogroup): 6 ms
    [T_9] stream: 476 ms
    >> streaming data all: 376000
    [time] total: 32223 ms
    >> throughput: 11668
============== Stream num [50] =================
    [T_1] cogroup-cache-count: 126 ms
Some(org.apache.spark.HashPartitioner@8)
    [T_2] create missKey (subt): 30 ms
    >> joined Hit count: 5628
    [T_3] join-hit data: 150 ms
    [T_4] create query + get data + create new RDD: 171 ms
    >> joined_miss count: 2372
    [T_6] join - miss data: 121 ms
    [T_5] create cachedPRDD: 174 ms
    >> output data: 8000
    [T_7] union output data: 21 ms
    [T_8] unpersist(join-hit/miss, input or cogroup): 4 ms
    [T_9] stream: 569 ms
    >> streaming data all: 384000
    [time] total: 32792 ms
    >> throughput: 11710
============== Stream num [51] =================
    [T_1] cogroup-cache-count: 128 ms
Some(org.apache.spark.HashPartitioner@8)
    [T_2] create missKey (subt): 49 ms
    >> joined Hit count: 5595
    [T_3] join-hit data: 148 ms
    [T_4] create query + get data + create new RDD: 115 ms
    >> joined_miss count: 2405
    [T_6] join - miss data: 141 ms
    [T_5] create cachedPRDD: 149 ms
    >> output data: 8000
    [T_7] union output data: 21 ms
    [T_8] unpersist(join-hit/miss, input or cogroup): 3 ms
    [T_9] stream: 492 ms
    >> streaming data all: 392000
    [time] total: 33284 ms
    >> throughput: 11777
============== Stream num [52] =================
    [T_1] cogroup-cache-count: 120 ms
Some(org.apache.spark.HashPartitioner@8)
    [T_2] create missKey (subt): 26 ms
    >> joined Hit count: 5607
    [T_3] join-hit data: 116 ms
    [T_4] create query + get data + create new RDD: 190 ms
    >> joined_miss count: 2393
    [T_6] join - miss data: 141 ms
    [T_5] create cachedPRDD: 180 ms
    >> output data: 8000
    [T_7] union output data: 28 ms
    [T_8] unpersist(join-hit/miss, input or cogroup): 5 ms
    [T_9] stream: 571 ms
    >> streaming data all: 400000
    [time] total: 33855 ms
    >> throughput: 11815
============== Stream num [53] =================
    [T_1] cogroup-cache-count: 100 ms
Some(org.apache.spark.HashPartitioner@8)
    [T_2] create missKey (subt): 30 ms
    >> joined Hit count: 5617
    [T_3] join-hit data: 128 ms
    [T_4] create query + get data + create new RDD: 172 ms
    >> joined_miss count: 2383
    [T_6] join - miss data: 105 ms
    [T_5] create cachedPRDD: 152 ms
    >> output data: 8000
    [T_7] union output data: 25 ms
    [T_8] unpersist(join-hit/miss, input or cogroup): 5 ms
    [T_9] stream: 512 ms
    >> streaming data all: 408000
    [time] total: 34367 ms
    >> throughput: 11871
============== Stream num [54] =================
    [T_1] cogroup-cache-count: 110 ms
Some(org.apache.spark.HashPartitioner@8)
    [T_2] create missKey (subt): 29 ms
    >> joined Hit count: 5631
    [T_3] join-hit data: 117 ms
    [T_4] create query + get data + create new RDD: 175 ms
    >> joined_miss count: 2369
    [T_6] join - miss data: 105 ms
    [T_5] create cachedPRDD: 148 ms
    >> output data: 8000
    [T_7] union output data: 20 ms
    [T_8] unpersist(join-hit/miss, input or cogroup): 3 ms
    [T_9] stream: 510 ms
    >> streaming data all: 416000
    [time] total: 34877 ms
    >> throughput: 11927
============== Stream num [55] =================
    [T_1] cogroup-cache-count: 159 ms
Some(org.apache.spark.HashPartitioner@8)
    [T_2] create missKey (subt): 29 ms
    >> joined Hit count: 5658
    [T_3] join-hit data: 122 ms
    [T_4] create query + get data + create new RDD: 169 ms
    >> joined_miss count: 2342
    [T_6] join - miss data: 100 ms
    [T_5] create cachedPRDD: 143 ms
    >> output data: 8000
    [T_7] union output data: 34 ms
    [T_8] unpersist(join-hit/miss, input or cogroup): 6 ms
    [T_9] stream: 562 ms
    >> streaming data all: 424000
    [time] total: 35439 ms
    >> throughput: 11964
============== Stream num [56] =================
    [T_1] cogroup-cache-count: 102 ms
Some(org.apache.spark.HashPartitioner@8)
    [T_2] create missKey (subt): 29 ms
    >> joined Hit count: 5672
    [T_3] join-hit data: 147 ms
    [T_4] create query + get data + create new RDD: 168 ms
    >> joined_miss count: 2328
    [T_6] join - miss data: 175 ms
    [T_5] create cachedPRDD: 180 ms
    >> output data: 8000
    [T_7] union output data: 27 ms
    [T_8] unpersist(join-hit/miss, input or cogroup): 5 ms
    [T_9] stream: 554 ms
    >> streaming data all: 432000
    [time] total: 35993 ms
    >> throughput: 12002
============== Stream num [57] =================
    [T_1] cogroup-cache-count: 114 ms
Some(org.apache.spark.HashPartitioner@8)
    [T_2] create missKey (subt): 28 ms
    >> joined Hit count: 5683
    [T_3] join-hit data: 121 ms
    [T_4] create query + get data + create new RDD: 184 ms
    >> joined_miss count: 2317
    [T_6] join - miss data: 122 ms
    [T_5] create cachedPRDD: 215 ms
    >> output data: 8000
    [T_7] union output data: 28 ms
    [T_8] unpersist(join-hit/miss, input or cogroup): 7 ms
    [T_9] stream: 602 ms
    >> streaming data all: 440000
    [time] total: 36595 ms
    >> throughput: 12023
============== Stream num [58] =================
    [T_1] cogroup-cache-count: 66 ms
Some(org.apache.spark.HashPartitioner@8)
    [T_2] create missKey (subt): 28 ms
    [T_4] create query + get data + create new RDD: 4 ms
    >> joined_miss count: 73
    [T_6] join - miss data: 73 ms
    >> joined Hit count: 131
    [T_3] join-hit data: 127 ms
    [T_5] create cachedPRDD: 129 ms
    >> output data: 204
    [T_7] union output data: 20 ms
    [T_8] unpersist(join-hit/miss, input or cogroup): 3 ms
    [T_9] stream: 270 ms
    >> streaming data all: 440204
    [time] total: 36865 ms
    >> throughput: 11940
============== Stream num [59] =================
    [T_1] cogroup-cache-count: 156 ms
Some(org.apache.spark.HashPartitioner@8)
    [T_2] create missKey (subt): 29 ms
    >> joined Hit count: 5469
    [T_3] join-hit data: 141 ms
    [T_4] create query + get data + create new RDD: 173 ms
    >> joined_miss count: 2327
    [T_6] join - miss data: 99 ms
    [T_5] create cachedPRDD: 144 ms
    >> output data: 7796
    [T_7] union output data: 20 ms
    [T_8] unpersist(join-hit/miss, input or cogroup): 5 ms
    [T_9] stream: 556 ms
    >> streaming data all: 448000
    [time] total: 37421 ms
    >> throughput: 11971
============== Stream num [60] =================
    [T_1] cogroup-cache-count: 109 ms
Some(org.apache.spark.HashPartitioner@8)
    [T_2] create missKey (subt): 24 ms
    >> joined Hit count: 5627
    [T_3] join-hit data: 149 ms
    [T_4] create query + get data + create new RDD: 175 ms
    >> joined_miss count: 2373
    [T_6] join - miss data: 151 ms
    [T_5] create cachedPRDD: 231 ms
    >> output data: 8000
    [T_7] union output data: 35 ms
    [T_8] unpersist(join-hit/miss, input or cogroup): 5 ms
    [T_9] stream: 612 ms
    >> streaming data all: 456000
    [time] total: 38033 ms
    >> throughput: 11989
============== Stream num [61] =================
    [T_1] cogroup-cache-count: 146 ms
Some(org.apache.spark.HashPartitioner@8)
    [T_2] create missKey (subt): 35 ms
    >> joined Hit count: 5723
    [T_3] join-hit data: 146 ms
    [T_4] create query + get data + create new RDD: 178 ms
    >> joined_miss count: 2277
    [T_6] join - miss data: 137 ms
    [T_5] create cachedPRDD: 227 ms
    >> output data: 8000
    [T_7] union output data: 29 ms
    [T_8] unpersist(join-hit/miss, input or cogroup): 6 ms
    [T_9] stream: 655 ms
    >> streaming data all: 464000
    [time] total: 38688 ms
    >> throughput: 11993
============== Stream num [62] =================
    [T_1] cogroup-cache-count: 159 ms
Some(org.apache.spark.HashPartitioner@8)
    [T_2] create missKey (subt): 23 ms
    >> joined Hit count: 5736
    [T_3] join-hit data: 126 ms
    [T_4] create query + get data + create new RDD: 158 ms
    >> joined_miss count: 2264
    [T_6] join - miss data: 103 ms
    [T_5] create cachedPRDD: 153 ms
    >> output data: 8000
    [T_7] union output data: 31 ms
    [T_8] unpersist(join-hit/miss, input or cogroup): 5 ms
    [T_9] stream: 567 ms
    >> streaming data all: 472000
    [time] total: 39255 ms
    >> throughput: 12023
============== Stream num [63] =================
    [T_1] cogroup-cache-count: 100 ms
Some(org.apache.spark.HashPartitioner@8)
    [T_2] create missKey (subt): 22 ms
    >> joined Hit count: 5732
    [T_3] join-hit data: 80 ms
    [T_4] create query + get data + create new RDD: 161 ms
    >> joined_miss count: 2268
    [T_6] join - miss data: 107 ms
    [T_5] create cachedPRDD: 183 ms
    >> output data: 8000
    [T_7] union output data: 26 ms
    [T_8] unpersist(join-hit/miss, input or cogroup): 3 ms
    [T_9] stream: 516 ms
    >> streaming data all: 480000
    [time] total: 39771 ms
    >> throughput: 12069
============== Stream num [64] =================
    [T_1] cogroup-cache-count: 158 ms
Some(org.apache.spark.HashPartitioner@8)
    [T_2] create missKey (subt): 31 ms
    >> joined Hit count: 5661
    [T_3] join-hit data: 115 ms
    [T_4] create query + get data + create new RDD: 171 ms
    >> joined_miss count: 2339
    [T_6] join - miss data: 108 ms
    [T_5] create cachedPRDD: 149 ms
    >> output data: 8000
    [T_7] union output data: 22 ms
    [T_8] unpersist(join-hit/miss, input or cogroup): 3 ms
    [T_9] stream: 562 ms
    >> streaming data all: 488000
    [time] total: 40333 ms
    >> throughput: 12099
============== Stream num [65] =================
    [T_1] cogroup-cache-count: 117 ms
Some(org.apache.spark.HashPartitioner@8)
    [T_2] create missKey (subt): 34 ms
    >> joined Hit count: 5698
    [T_3] join-hit data: 165 ms
    [T_4] create query + get data + create new RDD: 166 ms
    >> joined_miss count: 2302
    [T_6] join - miss data: 144 ms
    [T_5] create cachedPRDD: 182 ms
    >> output data: 8000
    [T_7] union output data: 28 ms
    [T_8] unpersist(join-hit/miss, input or cogroup): 6 ms
    [T_9] stream: 570 ms
    >> streaming data all: 496000
    [time] total: 40903 ms
    >> throughput: 12126
============== Stream num [66] =================
    [T_1] cogroup-cache-count: 112 ms
Some(org.apache.spark.HashPartitioner@8)
    [T_2] create missKey (subt): 24 ms
    >> joined Hit count: 5658
    [T_3] join-hit data: 136 ms
    [T_4] create query + get data + create new RDD: 189 ms
    >> joined_miss count: 2342
    [T_6] join - miss data: 135 ms
    [T_5] create cachedPRDD: 216 ms
    >> output data: 8000
    [T_7] union output data: 31 ms
    [T_8] unpersist(join-hit/miss, input or cogroup): 5 ms
    [T_9] stream: 606 ms
    >> streaming data all: 504000
    [time] total: 41509 ms
    >> throughput: 12141
============== Stream num [67] =================
    [T_1] cogroup-cache-count: 120 ms
Some(org.apache.spark.HashPartitioner@8)
    [T_2] create missKey (subt): 22 ms
    >> joined Hit count: 5688
    [T_3] join-hit data: 137 ms
    [T_4] create query + get data + create new RDD: 169 ms
    >> joined_miss count: 2312
    [T_6] join - miss data: 168 ms
    [T_5] create cachedPRDD: 230 ms
    >> output data: 8000
    [T_7] union output data: 21 ms
    [T_8] unpersist(join-hit/miss, input or cogroup): 5 ms
    [T_9] stream: 596 ms
    >> streaming data all: 512000
    [time] total: 42105 ms
    >> throughput: 12160
============== Stream num [68] =================
    [T_1] cogroup-cache-count: 105 ms
Some(org.apache.spark.HashPartitioner@8)
    [T_2] create missKey (subt): 26 ms
    >> joined Hit count: 5659
    [T_3] join-hit data: 131 ms
    [T_4] create query + get data + create new RDD: 167 ms
    >> joined_miss count: 2341
    [T_6] join - miss data: 111 ms
    [T_5] create cachedPRDD: 149 ms
    >> output data: 8000
    [T_7] union output data: 42 ms
    [T_8] unpersist(join-hit/miss, input or cogroup): 2 ms
    [T_9] stream: 519 ms
    >> streaming data all: 520000
    [time] total: 42624 ms
    >> throughput: 12199
============== Stream num [69] =================
    [T_1] cogroup-cache-count: 114 ms
Some(org.apache.spark.HashPartitioner@8)
    [T_2] create missKey (subt): 28 ms
    >> joined Hit count: 5727
    [T_3] join-hit data: 97 ms
    [T_4] create query + get data + create new RDD: 96 ms
    >> joined_miss count: 2273
    [T_6] join - miss data: 113 ms
    [T_5] create cachedPRDD: 215 ms
    >> output data: 8000
    [T_7] union output data: 26 ms
    [T_8] unpersist(join-hit/miss, input or cogroup): 5 ms
    [T_9] stream: 504 ms
    >> streaming data all: 528000
    [time] total: 43128 ms
    >> throughput: 12242
============== Stream num [70] =================
    [T_1] cogroup-cache-count: 114 ms
Some(org.apache.spark.HashPartitioner@8)
    [T_2] create missKey (subt): 39 ms
    >> joined Hit count: 5722
    [T_3] join-hit data: 148 ms
    [T_4] create query + get data + create new RDD: 160 ms
    >> joined_miss count: 2278
    [T_6] join - miss data: 111 ms
    [T_5] create cachedPRDD: 154 ms
    >> output data: 8000
    [T_7] union output data: 29 ms
    [T_8] unpersist(join-hit/miss, input or cogroup): 6 ms
    [T_9] stream: 530 ms
    >> streaming data all: 536000
    [time] total: 43658 ms
    >> throughput: 12277
============== Stream num [71] =================
    [T_1] cogroup-cache-count: 102 ms
Some(org.apache.spark.HashPartitioner@8)
    [T_2] create missKey (subt): 31 ms
    >> joined Hit count: 5699
    [T_3] join-hit data: 157 ms
    [T_4] create query + get data + create new RDD: 163 ms
    >> joined_miss count: 2301
    [T_6] join - miss data: 118 ms
    [T_5] create cachedPRDD: 166 ms
    >> output data: 8000
    [T_7] union output data: 22 ms
    [T_8] unpersist(join-hit/miss, input or cogroup): 5 ms
    [T_9] stream: 518 ms
    >> streaming data all: 544000
    [time] total: 44176 ms
    >> throughput: 12314
============== Stream num [72] =================
    [T_1] cogroup-cache-count: 153 ms
Some(org.apache.spark.HashPartitioner@8)
    [T_2] create missKey (subt): 30 ms
    >> joined Hit count: 5701
    [T_3] join-hit data: 134 ms
    [T_4] create query + get data + create new RDD: 115 ms
    >> joined_miss count: 2299
    [T_6] join - miss data: 111 ms
    [T_5] create cachedPRDD: 160 ms
    >> output data: 8000
    [T_7] union output data: 23 ms
    [T_8] unpersist(join-hit/miss, input or cogroup): 5 ms
    [T_9] stream: 519 ms
    >> streaming data all: 552000
    [time] total: 44695 ms
    >> throughput: 12350
============== Stream num [73] =================
    [T_1] cogroup-cache-count: 134 ms
Some(org.apache.spark.HashPartitioner@8)
    [T_2] create missKey (subt): 22 ms
    >> joined Hit count: 5713
    [T_3] join-hit data: 130 ms
    [T_4] create query + get data + create new RDD: 164 ms
    >> joined_miss count: 2287
    [T_6] join - miss data: 131 ms
    [T_5] create cachedPRDD: 172 ms
    >> output data: 8000
    [T_7] union output data: 22 ms
    [T_8] unpersist(join-hit/miss, input or cogroup): 4 ms
    [T_9] stream: 549 ms
    >> streaming data all: 560000
    [time] total: 45244 ms
    >> throughput: 12377
============== Stream num [74] =================
    [T_1] cogroup-cache-count: 117 ms
Some(org.apache.spark.HashPartitioner@8)
    [T_2] create missKey (subt): 49 ms
    [T_4] create query + get data + create new RDD: 34 ms
    >> joined Hit count: 1807
    [T_3] join-hit data: 144 ms
    >> joined_miss count: 779
    [T_6] join - miss data: 79 ms
    [T_5] create cachedPRDD: 164 ms
    >> output data: 2586
    [T_7] union output data: 23 ms
    [T_8] unpersist(join-hit/miss, input or cogroup): 3 ms
    [T_9] stream: 422 ms
    >> streaming data all: 562586
    [time] total: 45666 ms
    >> throughput: 12319
============== Stream num [75] =================
    [T_1] cogroup-cache-count: 101 ms
Some(org.apache.spark.HashPartitioner@8)
    [T_2] create missKey (subt): 23 ms
    >> joined Hit count: 3889
    [T_3] join-hit data: 135 ms
    [T_4] create query + get data + create new RDD: 91 ms
    >> joined_miss count: 1525
    [T_6] join - miss data: 103 ms
    [T_5] create cachedPRDD: 153 ms
    >> output data: 5414
    [T_7] union output data: 22 ms
    [T_8] unpersist(join-hit/miss, input or cogroup): 4 ms
    [T_9] stream: 419 ms
    >> streaming data all: 568000
    [time] total: 46085 ms
    >> throughput: 12325
============== Stream num [76] =================
    [T_1] cogroup-cache-count: 121 ms
Some(org.apache.spark.HashPartitioner@8)
    [T_2] create missKey (subt): 28 ms
    >> joined Hit count: 5780
    [T_3] join-hit data: 153 ms
    [T_4] create query + get data + create new RDD: 153 ms
    >> joined_miss count: 2220
    [T_6] join - miss data: 150 ms
    [T_5] create cachedPRDD: 226 ms
    >> output data: 8000
    [T_7] union output data: 22 ms
    [T_8] unpersist(join-hit/miss, input or cogroup): 4 ms
    [T_9] stream: 612 ms
    >> streaming data all: 576000
    [time] total: 46697 ms
    >> throughput: 12334
============== Stream num [77] =================
    [T_1] cogroup-cache-count: 135 ms
Some(org.apache.spark.HashPartitioner@8)
    [T_2] create missKey (subt): 113 ms
    >> joined Hit count: 5731
    [T_3] join-hit data: 237 ms
    [T_4] create query + get data + create new RDD: 159 ms
    >> joined_miss count: 2269
    [T_6] join - miss data: 132 ms
    [T_5] create cachedPRDD: 225 ms
    >> output data: 8000
    [T_7] union output data: 29 ms
    [T_8] unpersist(join-hit/miss, input or cogroup): 5 ms
    [T_9] stream: 702 ms
    >> streaming data all: 584000
    [time] total: 47399 ms
    >> throughput: 12320
============== Stream num [78] =================
    [T_1] cogroup-cache-count: 165 ms
Some(org.apache.spark.HashPartitioner@8)
    [T_2] create missKey (subt): 24 ms
    >> joined Hit count: 5704
    [T_3] join-hit data: 136 ms
    [T_4] create query + get data + create new RDD: 97 ms
    >> joined_miss count: 2296
    [T_6] join - miss data: 89 ms
    [T_5] create cachedPRDD: 138 ms
    >> output data: 8000
    [T_7] union output data: 22 ms
    [T_8] unpersist(join-hit/miss, input or cogroup): 5 ms
    [T_9] stream: 478 ms
    >> streaming data all: 592000
    [time] total: 47877 ms
    >> throughput: 12365
============== Stream num [79] =================
    [T_1] cogroup-cache-count: 127 ms
Some(org.apache.spark.HashPartitioner@8)
    [T_2] create missKey (subt): 48 ms
    >> joined Hit count: 5772
    [T_3] join-hit data: 179 ms
    [T_4] create query + get data + create new RDD: 156 ms
    >> joined_miss count: 2228
    [T_6] join - miss data: 113 ms
    [T_5] create cachedPRDD: 161 ms
    >> output data: 8000
    [T_7] union output data: 26 ms
    [T_8] unpersist(join-hit/miss, input or cogroup): 5 ms
    [T_9] stream: 570 ms
    >> streaming data all: 600000
    [time] total: 48447 ms
    >> throughput: 12384
============== Stream num [80] =================
    [T_1] cogroup-cache-count: 120 ms
Some(org.apache.spark.HashPartitioner@8)
    [T_2] create missKey (subt): 25 ms
    >> joined Hit count: 5798
    [T_3] join-hit data: 122 ms
    [T_4] create query + get data + create new RDD: 174 ms
    >> joined_miss count: 2202
    [T_6] join - miss data: 115 ms
    [T_5] create cachedPRDD: 159 ms
    >> output data: 8000
    [T_7] union output data: 32 ms
    [T_8] unpersist(join-hit/miss, input or cogroup): 5 ms
    [T_9] stream: 547 ms
    >> streaming data all: 608000
    [time] total: 48994 ms
    >> throughput: 12409
============== Stream num [81] =================
    [T_1] cogroup-cache-count: 122 ms
Some(org.apache.spark.HashPartitioner@8)
    [T_2] create missKey (subt): 25 ms
    >> joined Hit count: 5755
    [T_3] join-hit data: 109 ms
    [T_4] create query + get data + create new RDD: 157 ms
    >> joined_miss count: 2245
    [T_6] join - miss data: 124 ms
    [T_5] create cachedPRDD: 188 ms
    >> output data: 8000
    [T_7] union output data: 33 ms
    [T_8] unpersist(join-hit/miss, input or cogroup): 6 ms
    [T_9] stream: 555 ms
    >> streaming data all: 616000
    [time] total: 49549 ms
    >> throughput: 12432
============== Stream num [82] =================
    [T_1] cogroup-cache-count: 116 ms
Some(org.apache.spark.HashPartitioner@8)
    [T_2] create missKey (subt): 33 ms
    >> joined Hit count: 5830
    [T_3] join-hit data: 116 ms
    [T_4] create query + get data + create new RDD: 149 ms
    >> joined_miss count: 2170
    [T_6] join - miss data: 111 ms
    [T_5] create cachedPRDD: 205 ms
    >> output data: 8000
    [T_7] union output data: 51 ms
    [T_8] unpersist(join-hit/miss, input or cogroup): 5 ms
    [T_9] stream: 581 ms
    >> streaming data all: 624000
    [time] total: 50130 ms
    >> throughput: 12447
============== Stream num [83] =================
    [T_1] cogroup-cache-count: 115 ms
Some(org.apache.spark.HashPartitioner@8)
    [T_2] create missKey (subt): 26 ms
    >> joined Hit count: 5754
    [T_3] join-hit data: 134 ms
    [T_4] create query + get data + create new RDD: 163 ms
    >> joined_miss count: 2246
    [T_6] join - miss data: 116 ms
    [T_5] create cachedPRDD: 212 ms
    >> output data: 8000
    [T_7] union output data: 35 ms
    [T_8] unpersist(join-hit/miss, input or cogroup): 5 ms
    [T_9] stream: 588 ms
    >> streaming data all: 632000
    [time] total: 50718 ms
    >> throughput: 12461
============== Stream num [84] =================
    [T_1] cogroup-cache-count: 121 ms
Some(org.apache.spark.HashPartitioner@8)
    [T_2] create missKey (subt): 48 ms
    >> joined Hit count: 5733
    [T_3] join-hit data: 170 ms
    [T_4] create query + get data + create new RDD: 96 ms
    >> joined_miss count: 2267
    [T_6] join - miss data: 116 ms
    [T_5] create cachedPRDD: 154 ms
    >> output data: 8000
    [T_7] union output data: 25 ms
    [T_8] unpersist(join-hit/miss, input or cogroup): 3 ms
    [T_9] stream: 476 ms
    >> streaming data all: 640000
    [time] total: 51194 ms
    >> throughput: 12501
============== Stream num [85] =================
    [T_1] cogroup-cache-count: 107 ms
Some(org.apache.spark.HashPartitioner@8)
    [T_2] create missKey (subt): 26 ms
    >> joined Hit count: 5751
    [T_3] join-hit data: 113 ms
    [T_4] create query + get data + create new RDD: 180 ms
    >> joined_miss count: 2249
    [T_6] join - miss data: 113 ms
    [T_5] create cachedPRDD: 165 ms
    >> output data: 8000
    [T_7] union output data: 32 ms
    [T_8] unpersist(join-hit/miss, input or cogroup): 5 ms
    [T_9] stream: 536 ms
    >> streaming data all: 648000
    [time] total: 51730 ms
    >> throughput: 12526
============== Stream num [86] =================
    [T_1] cogroup-cache-count: 114 ms
Some(org.apache.spark.HashPartitioner@8)
    [T_2] create missKey (subt): 25 ms
    >> joined Hit count: 5762
    [T_3] join-hit data: 141 ms
    [T_4] create query + get data + create new RDD: 154 ms
    >> joined_miss count: 2238
    [T_6] join - miss data: 144 ms
    [T_5] create cachedPRDD: 212 ms
    >> output data: 8000
    [T_7] union output data: 31 ms
    [T_8] unpersist(join-hit/miss, input or cogroup): 4 ms
    [T_9] stream: 569 ms
    >> streaming data all: 656000
    [time] total: 52299 ms
    >> throughput: 12543
============== Stream num [87] =================
    [T_1] cogroup-cache-count: 106 ms
Some(org.apache.spark.HashPartitioner@8)
    [T_2] create missKey (subt): 32 ms
    >> joined Hit count: 5780
    [T_3] join-hit data: 120 ms
    [T_4] create query + get data + create new RDD: 155 ms
    >> joined_miss count: 2220
    [T_6] join - miss data: 115 ms
    [T_5] create cachedPRDD: 180 ms
    >> output data: 8000
    [T_7] union output data: 45 ms
    [T_8] unpersist(join-hit/miss, input or cogroup): 9 ms
    [T_9] stream: 549 ms
    >> streaming data all: 664000
    [time] total: 52848 ms
    >> throughput: 12564
============== Stream num [88] =================
    [T_1] cogroup-cache-count: 179 ms
Some(org.apache.spark.HashPartitioner@8)
    [T_2] create missKey (subt): 31 ms
    >> joined Hit count: 5803
    [T_3] join-hit data: 136 ms
    [T_4] create query + get data + create new RDD: 155 ms
    >> joined_miss count: 2197
    [T_6] join - miss data: 143 ms
    [T_5] create cachedPRDD: 241 ms
    >> output data: 8000
    [T_7] union output data: 33 ms
    [T_8] unpersist(join-hit/miss, input or cogroup): 5 ms
    [T_9] stream: 670 ms
    >> streaming data all: 672000
    [time] total: 53518 ms
    >> throughput: 12556
============== Stream num [89] =================
    [T_1] cogroup-cache-count: 153 ms
Some(org.apache.spark.HashPartitioner@8)
    [T_2] create missKey (subt): 45 ms
    >> joined Hit count: 5806
    [T_3] join-hit data: 163 ms
    [T_4] create query + get data + create new RDD: 151 ms
    >> joined_miss count: 2194
    [T_6] join - miss data: 112 ms
    [T_5] create cachedPRDD: 174 ms
    >> output data: 8000
    [T_7] union output data: 32 ms
    [T_8] unpersist(join-hit/miss, input or cogroup): 4 ms
    [T_9] stream: 587 ms
    >> streaming data all: 680000
    [time] total: 54105 ms
    >> throughput: 12568
============== Stream num [90] =================
    [T_1] cogroup-cache-count: 151 ms
Some(org.apache.spark.HashPartitioner@8)
    [T_2] create missKey (subt): 25 ms
    [T_4] create query + get data + create new RDD: 96 ms
    >> joined Hit count: 5770
    [T_3] join-hit data: 152 ms
    >> joined_miss count: 2230
    [T_6] join - miss data: 93 ms
    [T_5] create cachedPRDD: 189 ms
    >> output data: 8000
    [T_7] union output data: 33 ms
    [T_8] unpersist(join-hit/miss, input or cogroup): 5 ms
    [T_9] stream: 529 ms
    >> streaming data all: 688000
    [time] total: 54634 ms
    >> throughput: 12592
============== Stream num [91] =================
    [T_1] cogroup-cache-count: 102 ms
Some(org.apache.spark.HashPartitioner@8)
    [T_2] create missKey (subt): 27 ms
    >> joined Hit count: 4055
    [T_3] join-hit data: 126 ms
    [T_4] create query + get data + create new RDD: 87 ms
    >> joined_miss count: 1490
    [T_6] join - miss data: 104 ms
    [T_5] create cachedPRDD: 156 ms
    >> output data: 5545
    [T_7] union output data: 30 ms
    [T_8] unpersist(join-hit/miss, input or cogroup): 3 ms
    [T_9] stream: 426 ms
    >> streaming data all: 693545
    [time] total: 55060 ms
    >> throughput: 12596
============== Stream num [92] =================
    [T_1] cogroup-cache-count: 111 ms
Some(org.apache.spark.HashPartitioner@8)
    [T_2] create missKey (subt): 25 ms
    [T_4] create query + get data + create new RDD: 29 ms
    >> joined Hit count: 1717
    [T_3] join-hit data: 88 ms
    >> joined_miss count: 738
    [T_6] join - miss data: 71 ms
    [T_5] create cachedPRDD: 178 ms
    >> output data: 2455
    [T_7] union output data: 35 ms
    [T_8] unpersist(join-hit/miss, input or cogroup): 4 ms
    [T_9] stream: 396 ms
    >> streaming data all: 696000
    [time] total: 55456 ms
    >> throughput: 12550
============== Stream num [93] =================
    [T_1] cogroup-cache-count: 183 ms
Some(org.apache.spark.HashPartitioner@8)
    [T_2] create missKey (subt): 71 ms
    >> joined Hit count: 5742
    [T_3] join-hit data: 194 ms
    [T_4] create query + get data + create new RDD: 162 ms
    >> joined_miss count: 2258
    [T_6] join - miss data: 140 ms
    [T_5] create cachedPRDD: 236 ms
    >> output data: 8000
    [T_7] union output data: 30 ms
    [T_8] unpersist(join-hit/miss, input or cogroup): 4 ms
    [T_9] stream: 725 ms
    >> streaming data all: 704000
    [time] total: 56181 ms
    >> throughput: 12530
============== Stream num [94] =================
    [T_1] cogroup-cache-count: 158 ms
Some(org.apache.spark.HashPartitioner@8)
    [T_2] create missKey (subt): 38 ms
    >> joined Hit count: 5782
    [T_3] join-hit data: 150 ms
    [T_4] create query + get data + create new RDD: 169 ms
    >> joined_miss count: 2218
    [T_6] join - miss data: 121 ms
    [T_5] create cachedPRDD: 170 ms
    >> output data: 8000
    [T_7] union output data: 28 ms
    [T_8] unpersist(join-hit/miss, input or cogroup): 3 ms
    [T_9] stream: 590 ms
    >> streaming data all: 712000
    [time] total: 56771 ms
    >> throughput: 12541
============== Stream num [95] =================
    [T_1] cogroup-cache-count: 139 ms
Some(org.apache.spark.HashPartitioner@8)
    [T_2] create missKey (subt): 36 ms
    >> joined Hit count: 5793
    [T_3] join-hit data: 134 ms
    [T_4] create query + get data + create new RDD: 152 ms
    >> joined_miss count: 2207
    [T_6] join - miss data: 133 ms
    [T_5] create cachedPRDD: 182 ms
    >> output data: 8000
    [T_7] union output data: 26 ms
    [T_8] unpersist(join-hit/miss, input or cogroup): 3 ms
    [T_9] stream: 559 ms
    >> streaming data all: 720000
    [time] total: 57330 ms
    >> throughput: 12558
============== Stream num [96] =================
    [T_1] cogroup-cache-count: 154 ms
Some(org.apache.spark.HashPartitioner@8)
    [T_2] create missKey (subt): 70 ms
    >> joined Hit count: 5802
    [T_3] join-hit data: 188 ms
    [T_4] create query + get data + create new RDD: 150 ms
    >> joined_miss count: 2198
    [T_6] join - miss data: 123 ms
    [T_5] create cachedPRDD: 227 ms
    >> output data: 8000
    [T_7] union output data: 42 ms
    [T_8] unpersist(join-hit/miss, input or cogroup): 5 ms
    [T_9] stream: 677 ms
    >> streaming data all: 728000
    [time] total: 58007 ms
    >> throughput: 12550
============== Stream num [97] =================
    [T_1] cogroup-cache-count: 129 ms
Some(org.apache.spark.HashPartitioner@8)
    [T_2] create missKey (subt): 28 ms
    [T_4] create query + get data + create new RDD: 90 ms
    >> joined Hit count: 5808
    [T_3] join-hit data: 143 ms
    >> joined_miss count: 2192
    [T_6] join - miss data: 96 ms
    [T_5] create cachedPRDD: 154 ms
    >> output data: 8000
    [T_7] union output data: 29 ms
    [T_8] unpersist(join-hit/miss, input or cogroup): 3 ms
    [T_9] stream: 458 ms
    >> streaming data all: 736000
    [time] total: 58465 ms
    >> throughput: 12588
============== Stream num [98] =================
    [T_1] cogroup-cache-count: 128 ms
Some(org.apache.spark.HashPartitioner@8)
    [T_2] create missKey (subt): 49 ms
    >> joined Hit count: 5868
    [T_3] join-hit data: 153 ms
    [T_4] create query + get data + create new RDD: 150 ms
    >> joined_miss count: 2132
    [T_6] join - miss data: 121 ms
    [T_5] create cachedPRDD: 175 ms
    >> output data: 8000
    [T_7] union output data: 27 ms
    [T_8] unpersist(join-hit/miss, input or cogroup): 3 ms
    [T_9] stream: 567 ms
    >> streaming data all: 744000
    [time] total: 59032 ms
    >> throughput: 12603
============== Stream num [99] =================
    [T_1] cogroup-cache-count: 135 ms
Some(org.apache.spark.HashPartitioner@8)
    [T_2] create missKey (subt): 27 ms
    >> joined Hit count: 5737
    [T_3] join-hit data: 120 ms
    [T_4] create query + get data + create new RDD: 183 ms
    >> joined_miss count: 2263
    [T_6] join - miss data: 116 ms
    [T_5] create cachedPRDD: 254 ms
    >> output data: 8000
    [T_7] union output data: 35 ms
    [T_8] unpersist(join-hit/miss, input or cogroup): 6 ms
    [T_9] stream: 662 ms
    >> streaming data all: 752000
    [time] total: 59694 ms
    >> throughput: 12597
============== Stream num [100] =================
    [T_1] cogroup-cache-count: 171 ms
Some(org.apache.spark.HashPartitioner@8)
    [T_2] create missKey (subt): 27 ms
    >> joined Hit count: 5772
    [T_3] join-hit data: 124 ms
    [T_4] create query + get data + create new RDD: 118 ms
    >> joined_miss count: 2228
    [T_6] join - miss data: 168 ms
    [T_5] create cachedPRDD: 324 ms
    >> output data: 8000
    [T_7] union output data: 35 ms
    [T_8] unpersist(join-hit/miss, input or cogroup): 5 ms
    [T_9] stream: 702 ms
    >> streaming data all: 760000
    [time] total: 60396 ms
    >> throughput: 12583
